<?xml version="1.0" encoding="UTF-8"?>
<testng-results skipped="0" failed="0" total="1" passed="1">
  <reporter-output>
  </reporter-output>
  <suite name="FirstRun" duration-ms="5756" started-at="2016-02-19T19:09:39Z" finished-at="2016-02-19T19:09:44Z">
    <groups>
    </groups>
    <test name="Test1" duration-ms="5756" started-at="2016-02-19T19:09:39Z" finished-at="2016-02-19T19:09:44Z">
      <class name="com.org.learningMaven.myProjectMaven1.Page1">
        <test-method status="PASS" signature="InvokeBrowser()[pri:0, instance:com.org.learningMaven.myProjectMaven1.Page1@446a1e84]" name="InvokeBrowser" duration-ms="5748" started-at="2016-02-19T14:09:39Z" finished-at="2016-02-19T14:09:44Z">
          <reporter-output>
          </reporter-output>
        </test-method> <!-- InvokeBrowser -->
      </class> <!-- com.org.learningMaven.myProjectMaven1.Page1 -->
    </test> <!-- Test1 -->
  </suite> <!-- FirstRun -->
</testng-results>
