<?xml version="1.0" encoding="UTF-8"?>
<testng-results skipped="0" failed="0" total="1" passed="1">
  <reporter-output>
  </reporter-output>
  <suite name="FirstRun" duration-ms="6538" started-at="2016-02-19T18:48:41Z" finished-at="2016-02-19T18:48:47Z">
    <groups>
    </groups>
    <test name="Test1" duration-ms="6538" started-at="2016-02-19T18:48:41Z" finished-at="2016-02-19T18:48:47Z">
      <class name="com.org.learningMaven.myProjectMaven1.Page1">
        <test-method status="PASS" signature="InvokeBrowser()[pri:0, instance:com.org.learningMaven.myProjectMaven1.Page1@eadd4fb]" name="InvokeBrowser" duration-ms="6518" started-at="2016-02-19T13:48:41Z" finished-at="2016-02-19T13:48:47Z">
          <reporter-output>
          </reporter-output>
        </test-method> <!-- InvokeBrowser -->
      </class> <!-- com.org.learningMaven.myProjectMaven1.Page1 -->
    </test> <!-- Test1 -->
  </suite> <!-- FirstRun -->
</testng-results>
